<?xml version="1.0" encoding="UTF-8"?>
<!-- Generated by org.testng.reporters.JUnitReportReporter -->
<testsuite skipped="0" hostname="administrator-Latitude-E5570" name="com.herokuApp.UpdatePartialBookingApi.Verify_Update_Partial_Booking_Api_IsSuccess_Test" tests="1" failures="0" timestamp="24 May 2020 21:04:27 GMT" time="4.878" errors="0">
  <testcase name="verify_update_booking_api_with_success" time="4.878" classname="com.herokuApp.UpdatePartialBookingApi.Verify_Update_Partial_Booking_Api_IsSuccess_Test"/>
</testsuite> <!-- com.herokuApp.UpdatePartialBookingApi.Verify_Update_Partial_Booking_Api_IsSuccess_Test -->
