<?xml version="1.0" encoding="UTF-8"?>
<!-- Generated by org.testng.reporters.JUnitReportReporter -->
<testsuite skipped="0" hostname="administrator-Latitude-E5570" name="com.herokuApp.createBookingApi.Verify_Create_BookingApi_IsSuccess_Test" tests="1" failures="0" timestamp="22 May 2020 04:31:43 GMT" time="4.470" errors="0">
  <testcase name="triggeringCreateBookingWithSuccess" time="4.470" classname="com.herokuApp.createBookingApi.Verify_Create_BookingApi_IsSuccess_Test"/>
</testsuite> <!-- com.herokuApp.createBookingApi.Verify_Create_BookingApi_IsSuccess_Test -->
